<?xml version="1.0" encoding="UTF-8"?>
<!-- Generated by org.testng.reporters.JUnitXMLReporter -->
<testsuite hostname="DESKTOP-O82LSA4" ignored="0" name="Default test" tests="4" failures="0" timestamp="2020-09-19T18:40:17 IST" time="86.755" errors="0">
  <testcase name="LaunchHome" time="21.543" classname="TestApplication.smallCase"/>
  <testcase name="setEnvGetid" time="10.769" classname="TestApplication.smallCase"/>
  <testcase name="sst" time="23.127" classname="TestApplication.smallCase"/>
  <testcase name="webPage" time="31.253" classname="TestApplication.smallCase"/>
</testsuite> <!-- Default test -->
